-------------------------------------------------------------------------------
sub-219p
Running /projects/sanlab/shared/CAPS/CAPS_scripts/fMRI/ppc/smooth/smooth.m
-------------------------------------------------------------------------------

                            < M A T L A B (R) >
                  Copyright 1984-2017 The MathWorks, Inc.
                   R2017b (9.3.0.713579) 64-bit (glnxa64)
                             September 14, 2017

 
To get started, type one of these: helpwin, helpdesk, or demo.
For product information, visit www.mathworks.com.
 


------------------------------------------------------------------------
Running job #1
------------------------------------------------------------------------
Running 'File Selector (Batch Mode)'
Done    'File Selector (Batch Mode)'
Running 'File Selector (Batch Mode)'
Done    'File Selector (Batch Mode)'
Running 'Gunzip Files'
Done    'Gunzip Files'
Running 'Gunzip Files'
Done    'Gunzip Files'
Running 'Expand image frames'
Done    'Expand image frames'
Running 'Expand image frames'
Done    'Expand image frames'
Running 'Smooth'
Done    'Smooth'
Running 'Smooth'
Failed  'Smooth'
Error using spm_vol>spm_vol_hdr (line 80)
File "/projects/sanlab/shared/CAPS/bids_data/derivatives/fmriprep/sub-108p/ses-1/func/sub-108p_ses-1_task-ALERT_acq-02_bold_space-MNI152NLin2009cAsym_preproc.nii" does not exist.
In file "/projects/sanlab/shared/spm12/spm_vol.m" (v5958), function "spm_vol_hdr" at line 80.
In file "/projects/sanlab/shared/spm12/spm_vol.m" (v5958), function "spm_vol" at line 61.
In file "/projects/sanlab/shared/spm12/spm_smooth.m" (v4419), function "spm_smooth" at line 33.
In file "/gpfs/projects/sanlab/shared/spm12/config/spm_run_smooth.m" (v3915), function "spm_run_smooth" at line 20.

Running 'Move/Delete Files'
Done    'Move/Delete Files'
The following modules did not run:
Failed: Smooth

{Error using MATLABbatch system
Job execution failed. The full log of this run can be found in MATLAB command
window, starting with the lines (look for the line showing the exact #job as
displayed in this error message)
------------------
Running job #1
------------------
} 
